1481149461,,ui,say,amazon-ebs output will be in this color.
1481149461,,ui,say,
1481149461,,ui,say,==> amazon-ebs: Force Deregister flag found%!(PACKER_COMMA) skipping prevalidating AMI Name
1481149462,,ui,message,    amazon-ebs: Found Image ID: ami-e6d5d2f1
1481149462,,ui,say,==> amazon-ebs: Creating temporary keypair: packer_58488c15-e0f5-fe8f-1cf3-3f99a20c3836
1481149462,,ui,say,==> amazon-ebs: Creating temporary security group for this instance...
1481149462,,ui,say,==> amazon-ebs: Authorizing access to port 22 the temporary security group...
1481149463,,ui,say,==> amazon-ebs: Launching a source AWS instance...
1481149463,,ui,message,    amazon-ebs: Instance ID: i-01e975f83a87ce91c
1481149463,,ui,say,==> amazon-ebs: Waiting for instance (i-01e975f83a87ce91c) to become ready...
1481149485,,ui,say,==> amazon-ebs: Waiting for SSH to become available...
1481149532,,ui,say,==> amazon-ebs: Connected to SSH!
1481149532,,ui,say,==> amazon-ebs: Provisioning with shell script: /var/folders/v4/c9953kv165nc_bnhp0hr_9bc0000gn/T/packer-shell087583616
1481149533,,ui,message,    amazon-ebs: Hit:1 http://us-east-1.ec2.archive.ubuntu.com/ubuntu xenial InRelease
1481149533,,ui,message,    amazon-ebs: Get:2 http://us-east-1.ec2.archive.ubuntu.com/ubuntu xenial-updates InRelease [102 kB]
1481149533,,ui,message,    amazon-ebs: Get:3 http://us-east-1.ec2.archive.ubuntu.com/ubuntu xenial-backports InRelease [102 kB]
1481149533,,ui,message,    amazon-ebs: Get:4 http://security.ubuntu.com/ubuntu xenial-security InRelease [102 kB]
1481149534,,ui,message,    amazon-ebs: Get:5 http://us-east-1.ec2.archive.ubuntu.com/ubuntu xenial/main Sources [868 kB]
1481149534,,ui,message,    amazon-ebs: Get:6 http://us-east-1.ec2.archive.ubuntu.com/ubuntu xenial/restricted Sources [4%!(PACKER_COMMA)808 B]
1481149534,,ui,message,    amazon-ebs: Get:7 http://us-east-1.ec2.archive.ubuntu.com/ubuntu xenial/universe Sources [7%!(PACKER_COMMA)728 kB]
1481149535,,ui,message,    amazon-ebs: Get:8 http://us-east-1.ec2.archive.ubuntu.com/ubuntu xenial/multiverse Sources [179 kB]
1481149535,,ui,message,    amazon-ebs: Get:9 http://us-east-1.ec2.archive.ubuntu.com/ubuntu xenial-updates/main Sources [210 kB]
1481149535,,ui,message,    amazon-ebs: Get:10 http://us-east-1.ec2.archive.ubuntu.com/ubuntu xenial-updates/restricted Sources [1%!(PACKER_COMMA)804 B]
1481149535,,ui,message,    amazon-ebs: Get:11 http://us-east-1.ec2.archive.ubuntu.com/ubuntu xenial-updates/universe Sources [111 kB]
1481149535,,ui,message,    amazon-ebs: Get:12 http://us-east-1.ec2.archive.ubuntu.com/ubuntu xenial-updates/multiverse Sources [3%!(PACKER_COMMA)648 B]
1481149535,,ui,message,    amazon-ebs: Get:13 http://us-east-1.ec2.archive.ubuntu.com/ubuntu xenial-updates/main amd64 Packages [440 kB]
1481149535,,ui,message,    amazon-ebs: Get:14 http://us-east-1.ec2.archive.ubuntu.com/ubuntu xenial-updates/main Translation-en [171 kB]
1481149535,,ui,message,    amazon-ebs: Get:15 http://us-east-1.ec2.archive.ubuntu.com/ubuntu xenial-updates/universe amd64 Packages [367 kB]
1481149535,,ui,message,    amazon-ebs: Get:16 http://us-east-1.ec2.archive.ubuntu.com/ubuntu xenial-updates/universe Translation-en [134 kB]
1481149535,,ui,message,    amazon-ebs: Get:17 http://us-east-1.ec2.archive.ubuntu.com/ubuntu xenial-backports/main Sources [3%!(PACKER_COMMA)252 B]
1481149535,,ui,message,    amazon-ebs: Get:18 http://us-east-1.ec2.archive.ubuntu.com/ubuntu xenial-backports/universe Sources [1%!(PACKER_COMMA)868 B]
1481149535,,ui,message,    amazon-ebs: Get:19 http://security.ubuntu.com/ubuntu xenial-security/main Sources [52.5 kB]
1481149535,,ui,message,    amazon-ebs: Get:20 http://us-east-1.ec2.archive.ubuntu.com/ubuntu xenial-backports/main amd64 Packages [4%!(PACKER_COMMA)396 B]
1481149535,,ui,message,    amazon-ebs: Get:21 http://us-east-1.ec2.archive.ubuntu.com/ubuntu xenial-backports/main Translation-en [3%!(PACKER_COMMA)104 B]
1481149535,,ui,message,    amazon-ebs: Get:22 http://us-east-1.ec2.archive.ubuntu.com/ubuntu xenial-backports/universe amd64 Packages [2%!(PACKER_COMMA)412 B]
1481149535,,ui,message,    amazon-ebs: Get:23 http://us-east-1.ec2.archive.ubuntu.com/ubuntu xenial-backports/universe Translation-en [1%!(PACKER_COMMA)216 B]
1481149535,,ui,message,    amazon-ebs: Get:24 http://security.ubuntu.com/ubuntu xenial-security/restricted Sources [1%!(PACKER_COMMA)804 B]
1481149535,,ui,message,    amazon-ebs: Get:25 http://security.ubuntu.com/ubuntu xenial-security/universe Sources [14.9 kB]
1481149535,,ui,message,    amazon-ebs: Get:26 http://security.ubuntu.com/ubuntu xenial-security/multiverse Sources [728 B]
1481149535,,ui,message,    amazon-ebs: Get:27 http://security.ubuntu.com/ubuntu xenial-security/main amd64 Packages [189 kB]
1481149535,,ui,message,    amazon-ebs: Get:28 http://security.ubuntu.com/ubuntu xenial-security/main Translation-en [77.7 kB]
1481149535,,ui,message,    amazon-ebs: Get:29 http://security.ubuntu.com/ubuntu xenial-security/universe amd64 Packages [64.5 kB]
1481149535,,ui,message,    amazon-ebs: Get:30 http://security.ubuntu.com/ubuntu xenial-security/universe Translation-en [35.1 kB]
1481149552,,ui,message,    amazon-ebs: Fetched 11.0 MB in 3s (3%!(PACKER_COMMA)333 kB/s)
1481149553,,ui,message,    amazon-ebs: Reading package lists...
1481149553,,ui,message,    amazon-ebs: Reading package lists...
1481149553,,ui,message,    amazon-ebs: Building dependency tree...
1481149553,,ui,message,    amazon-ebs: Reading state information...
1481149553,,ui,message,    amazon-ebs: ca-certificates is already the newest version (20160104ubuntu1).
1481149553,,ui,message,    amazon-ebs: apt-transport-https is already the newest version (1.2.15).
1481149553,,ui,message,    amazon-ebs: The following additional packages will be installed:
1481149553,,ui,message,    amazon-ebs: keyutils libnfsidmap2 libpython-stdlib libpython2.7-minimal
1481149553,,ui,message,    amazon-ebs: libpython2.7-stdlib libtirpc1 python python-minimal python2.7
1481149553,,ui,message,    amazon-ebs: python2.7-minimal rpcbind
1481149553,,ui,message,    amazon-ebs: Suggested packages:
1481149553,,ui,message,    amazon-ebs: watchdog python-doc python-tk python2.7-doc binutils binfmt-support
1481149553,,ui,message,    amazon-ebs: The following NEW packages will be installed:
1481149553,,ui,message,    amazon-ebs: keyutils libnfsidmap2 libpython-stdlib libpython2.7-minimal
1481149553,,ui,message,    amazon-ebs: libpython2.7-stdlib libtirpc1 nfs-common python python-minimal python2.7
1481149553,,ui,message,    amazon-ebs: python2.7-minimal rpcbind
1481149553,,ui,message,    amazon-ebs: 0 upgraded%!(PACKER_COMMA) 12 newly installed%!(PACKER_COMMA) 0 to remove and 4 not upgraded.
1481149553,,ui,message,    amazon-ebs: Need to get 4%!(PACKER_COMMA)295 kB of archives.
1481149553,,ui,message,    amazon-ebs: After this operation%!(PACKER_COMMA) 18.0 MB of additional disk space will be used.
1481149553,,ui,message,    amazon-ebs: Get:1 http://us-east-1.ec2.archive.ubuntu.com/ubuntu xenial/main amd64 libnfsidmap2 amd64 0.25-5 [32.2 kB]
1481149553,,ui,message,    amazon-ebs: Get:2 http://us-east-1.ec2.archive.ubuntu.com/ubuntu xenial-updates/main amd64 libpython2.7-minimal amd64 2.7.12-1ubuntu0~16.04.1 [339 kB]
1481149553,,ui,message,    amazon-ebs: Get:3 http://us-east-1.ec2.archive.ubuntu.com/ubuntu xenial-updates/main amd64 python2.7-minimal amd64 2.7.12-1ubuntu0~16.04.1 [1%!(PACKER_COMMA)295 kB]
1481149553,,ui,message,    amazon-ebs: Get:4 http://us-east-1.ec2.archive.ubuntu.com/ubuntu xenial/main amd64 python-minimal amd64 2.7.11-1 [28.2 kB]
1481149553,,ui,message,    amazon-ebs: Get:5 http://us-east-1.ec2.archive.ubuntu.com/ubuntu xenial-updates/main amd64 libpython2.7-stdlib amd64 2.7.12-1ubuntu0~16.04.1 [1%!(PACKER_COMMA)884 kB]
1481149553,,ui,message,    amazon-ebs: Get:6 http://us-east-1.ec2.archive.ubuntu.com/ubuntu xenial-updates/main amd64 python2.7 amd64 2.7.12-1ubuntu0~16.04.1 [224 kB]
1481149553,,ui,message,    amazon-ebs: Get:7 http://us-east-1.ec2.archive.ubuntu.com/ubuntu xenial/main amd64 libpython-stdlib amd64 2.7.11-1 [7%!(PACKER_COMMA)656 B]
1481149553,,ui,message,    amazon-ebs: Get:8 http://us-east-1.ec2.archive.ubuntu.com/ubuntu xenial/main amd64 python amd64 2.7.11-1 [137 kB]
1481149553,,ui,message,    amazon-ebs: Get:9 http://us-east-1.ec2.archive.ubuntu.com/ubuntu xenial/main amd64 libtirpc1 amd64 0.2.5-1 [75.6 kB]
1481149553,,ui,message,    amazon-ebs: Get:10 http://us-east-1.ec2.archive.ubuntu.com/ubuntu xenial/main amd64 keyutils amd64 1.5.9-8ubuntu1 [47.1 kB]
1481149553,,ui,message,    amazon-ebs: Get:11 http://us-east-1.ec2.archive.ubuntu.com/ubuntu xenial/main amd64 rpcbind amd64 0.2.3-0.2 [40.3 kB]
1481149553,,ui,message,    amazon-ebs: Get:12 http://us-east-1.ec2.archive.ubuntu.com/ubuntu xenial/main amd64 nfs-common amd64 1:1.2.8-9ubuntu12 [185 kB]
1481149553,,ui,message,    amazon-ebs: debconf: unable to initialize frontend: Dialog
1481149553,,ui,message,    amazon-ebs: debconf: (Dialog frontend will not work on a dumb terminal%!(PACKER_COMMA) an emacs shell buffer%!(PACKER_COMMA) or without a controlling terminal.)
1481149553,,ui,message,    amazon-ebs: debconf: falling back to frontend: Readline
1481149553,,ui,message,    amazon-ebs: debconf: unable to initialize frontend: Readline
1481149553,,ui,message,    amazon-ebs: debconf: (This frontend requires a controlling tty.)
1481149553,,ui,message,    amazon-ebs: debconf: falling back to frontend: Teletype
1481149553,,ui,message,    amazon-ebs: dpkg-preconfigure: unable to re-open stdin:
1481149553,,ui,message,    amazon-ebs: Fetched 4%!(PACKER_COMMA)295 kB in 0s (22.7 MB/s)
1481149554,,ui,message,    amazon-ebs: Selecting previously unselected package libnfsidmap2:amd64.
1481149559,,ui,message,    amazon-ebs: (Reading database ... 53703 files and directories currently installed.)
1481149559,,ui,message,    amazon-ebs: Preparing to unpack .../libnfsidmap2_0.25-5_amd64.deb ...
1481149559,,ui,message,    amazon-ebs: Unpacking libnfsidmap2:amd64 (0.25-5) ...
1481149560,,ui,message,    amazon-ebs: Selecting previously unselected package libpython2.7-minimal:amd64.
1481149560,,ui,message,    amazon-ebs: Preparing to unpack .../libpython2.7-minimal_2.7.12-1ubuntu0~16.04.1_amd64.deb ...
1481149560,,ui,message,    amazon-ebs: Unpacking libpython2.7-minimal:amd64 (2.7.12-1ubuntu0~16.04.1) ...
1481149561,,ui,message,    amazon-ebs: Selecting previously unselected package python2.7-minimal.
1481149561,,ui,message,    amazon-ebs: Preparing to unpack .../python2.7-minimal_2.7.12-1ubuntu0~16.04.1_amd64.deb ...
1481149561,,ui,message,    amazon-ebs: Unpacking python2.7-minimal (2.7.12-1ubuntu0~16.04.1) ...
1481149561,,ui,message,    amazon-ebs: Selecting previously unselected package python-minimal.
1481149561,,ui,message,    amazon-ebs: Preparing to unpack .../python-minimal_2.7.11-1_amd64.deb ...
1481149561,,ui,message,    amazon-ebs: Unpacking python-minimal (2.7.11-1) ...
1481149561,,ui,message,    amazon-ebs: Selecting previously unselected package libpython2.7-stdlib:amd64.
1481149561,,ui,message,    amazon-ebs: Preparing to unpack .../libpython2.7-stdlib_2.7.12-1ubuntu0~16.04.1_amd64.deb ...
1481149561,,ui,message,    amazon-ebs: Unpacking libpython2.7-stdlib:amd64 (2.7.12-1ubuntu0~16.04.1) ...
1481149563,,ui,message,    amazon-ebs: Selecting previously unselected package python2.7.
1481149563,,ui,message,    amazon-ebs: Preparing to unpack .../python2.7_2.7.12-1ubuntu0~16.04.1_amd64.deb ...
1481149563,,ui,message,    amazon-ebs: Unpacking python2.7 (2.7.12-1ubuntu0~16.04.1) ...
1481149564,,ui,message,    amazon-ebs: Selecting previously unselected package libpython-stdlib:amd64.
1481149564,,ui,message,    amazon-ebs: Preparing to unpack .../libpython-stdlib_2.7.11-1_amd64.deb ...
1481149564,,ui,message,    amazon-ebs: Unpacking libpython-stdlib:amd64 (2.7.11-1) ...
1481149564,,ui,message,    amazon-ebs: Processing triggers for man-db (2.7.5-1) ...
1481149568,,ui,message,    amazon-ebs: Processing triggers for mime-support (3.59ubuntu1) ...
1481149569,,ui,message,    amazon-ebs: Setting up libpython2.7-minimal:amd64 (2.7.12-1ubuntu0~16.04.1) ...
1481149569,,ui,message,    amazon-ebs: Setting up python2.7-minimal (2.7.12-1ubuntu0~16.04.1) ...
1481149569,,ui,message,    amazon-ebs: Linking and byte-compiling packages for runtime python2.7...
1481149569,,ui,message,    amazon-ebs: Setting up python-minimal (2.7.11-1) ...
1481149569,,ui,message,    amazon-ebs: Selecting previously unselected package python.
1481149569,,ui,message,    amazon-ebs: (Reading database ... 54459 files and directories currently installed.)
1481149569,,ui,message,    amazon-ebs: Preparing to unpack .../python_2.7.11-1_amd64.deb ...
1481149570,,ui,message,    amazon-ebs: Unpacking python (2.7.11-1) ...
1481149570,,ui,message,    amazon-ebs: Selecting previously unselected package libtirpc1:amd64.
1481149570,,ui,message,    amazon-ebs: Preparing to unpack .../libtirpc1_0.2.5-1_amd64.deb ...
1481149570,,ui,message,    amazon-ebs: Unpacking libtirpc1:amd64 (0.2.5-1) ...
1481149570,,ui,message,    amazon-ebs: Selecting previously unselected package keyutils.
1481149570,,ui,message,    amazon-ebs: Preparing to unpack .../keyutils_1.5.9-8ubuntu1_amd64.deb ...
1481149570,,ui,message,    amazon-ebs: Unpacking keyutils (1.5.9-8ubuntu1) ...
1481149571,,ui,message,    amazon-ebs: Selecting previously unselected package rpcbind.
1481149571,,ui,message,    amazon-ebs: Preparing to unpack .../rpcbind_0.2.3-0.2_amd64.deb ...
1481149571,,ui,message,    amazon-ebs: Unpacking rpcbind (0.2.3-0.2) ...
1481149571,,ui,message,    amazon-ebs: Selecting previously unselected package nfs-common.
1481149571,,ui,message,    amazon-ebs: Preparing to unpack .../nfs-common_1%3a1.2.8-9ubuntu12_amd64.deb ...
1481149571,,ui,message,    amazon-ebs: Unpacking nfs-common (1:1.2.8-9ubuntu12) ...
1481149572,,ui,message,    amazon-ebs: Processing triggers for man-db (2.7.5-1) ...
1481149572,,ui,message,    amazon-ebs: Processing triggers for systemd (229-4ubuntu12) ...
1481149572,,ui,message,    amazon-ebs: Processing triggers for ureadahead (0.100.0-19) ...
1481149572,,ui,message,    amazon-ebs: Setting up libnfsidmap2:amd64 (0.25-5) ...
1481149573,,ui,message,    amazon-ebs: Setting up libpython2.7-stdlib:amd64 (2.7.12-1ubuntu0~16.04.1) ...
1481149573,,ui,message,    amazon-ebs: Setting up python2.7 (2.7.12-1ubuntu0~16.04.1) ...
1481149573,,ui,message,    amazon-ebs: Setting up libpython-stdlib:amd64 (2.7.11-1) ...
1481149573,,ui,message,    amazon-ebs: Setting up python (2.7.11-1) ...
1481149573,,ui,message,    amazon-ebs: Setting up libtirpc1:amd64 (0.2.5-1) ...
1481149573,,ui,message,    amazon-ebs: Setting up keyutils (1.5.9-8ubuntu1) ...
1481149574,,ui,message,    amazon-ebs: Setting up rpcbind (0.2.3-0.2) ...
1481149575,,ui,message,    amazon-ebs: Setting up nfs-common (1:1.2.8-9ubuntu12) ...
1481149575,,ui,message,    amazon-ebs: debconf: unable to initialize frontend: Dialog
1481149575,,ui,message,    amazon-ebs: debconf: (Dialog frontend will not work on a dumb terminal%!(PACKER_COMMA) an emacs shell buffer%!(PACKER_COMMA) or without a controlling terminal.)
1481149575,,ui,message,    amazon-ebs: debconf: falling back to frontend: Readline
1481149576,,ui,message,    amazon-ebs:
1481149576,,ui,message,    amazon-ebs: Creating config file /etc/idmapd.conf with new version
1481149577,,ui,message,    amazon-ebs: debconf: unable to initialize frontend: Dialog
1481149577,,ui,message,    amazon-ebs: debconf: (Dialog frontend will not work on a dumb terminal%!(PACKER_COMMA) an emacs shell buffer%!(PACKER_COMMA) or without a controlling terminal.)
1481149577,,ui,message,    amazon-ebs: debconf: falling back to frontend: Readline
1481149577,,ui,message,    amazon-ebs:
1481149577,,ui,message,    amazon-ebs: Creating config file /etc/default/nfs-common with new version
1481149577,,ui,message,    amazon-ebs: Adding system user `statd' (UID 112) ...
1481149577,,ui,message,    amazon-ebs: Adding new user `statd' (UID 112) with group `nogroup' ...
1481149578,,ui,message,    amazon-ebs: Not creating home directory `/var/lib/nfs'.
1481149578,,ui,message,    amazon-ebs: nfs-utils.service is a disabled or a static unit%!(PACKER_COMMA) not starting it.
1481149578,,ui,message,    amazon-ebs: Processing triggers for libc-bin (2.23-0ubuntu4) ...
1481149580,,ui,message,    amazon-ebs: Processing triggers for systemd (229-4ubuntu12) ...
1481149580,,ui,message,    amazon-ebs: Processing triggers for ureadahead (0.100.0-19) ...
1481149581,,ui,message,    amazon-ebs: Executing: /tmp/tmp.H81iLHZNj0/gpg.1.sh --keyserver
1481149581,,ui,message,    amazon-ebs: hkp://ha.pool.sks-keyservers.net:80
1481149581,,ui,message,    amazon-ebs: --recv-keys
1481149581,,ui,message,    amazon-ebs: 58118E89F3A912897C070ADBF76221572C52609D
1481149581,,ui,message,    amazon-ebs: gpg: requesting key 2C52609D from hkp server ha.pool.sks-keyservers.net
1481149581,,ui,message,    amazon-ebs: gpg: key 2C52609D: public key "Docker Release Tool (releasedocker) <docker@docker.com>" imported
1481149581,,ui,message,    amazon-ebs: gpg: Total number processed: 1
1481149581,,ui,message,    amazon-ebs: gpg:               imported: 1  (RSA: 1)
1481149581,,ui,message,    amazon-ebs: deb https://apt.dockerproject.org/repo ubuntu-xenial main
1481149581,,ui,message,    amazon-ebs: Hit:1 http://us-east-1.ec2.archive.ubuntu.com/ubuntu xenial InRelease
1481149581,,ui,message,    amazon-ebs: Hit:2 http://us-east-1.ec2.archive.ubuntu.com/ubuntu xenial-updates InRelease
1481149581,,ui,message,    amazon-ebs: Hit:3 http://us-east-1.ec2.archive.ubuntu.com/ubuntu xenial-backports InRelease
1481149581,,ui,message,    amazon-ebs: Hit:4 http://security.ubuntu.com/ubuntu xenial-security InRelease
1481149582,,ui,message,    amazon-ebs: Get:5 https://apt.dockerproject.org/repo ubuntu-xenial InRelease [30.2 kB]
1481149582,,ui,message,    amazon-ebs: Get:6 https://apt.dockerproject.org/repo ubuntu-xenial/main amd64 Packages [2%!(PACKER_COMMA)553 B]
1481149582,,ui,message,    amazon-ebs: Fetched 32.8 kB in 0s (67.0 kB/s)
1481149583,,ui,message,    amazon-ebs: Reading package lists...
1481149583,,ui,message,    amazon-ebs: Reading package lists...
1481149583,,ui,message,    amazon-ebs: Building dependency tree...
1481149583,,ui,message,    amazon-ebs: Reading state information...
1481149583,,ui,message,    amazon-ebs: The following additional packages will be installed:
1481149583,,ui,message,    amazon-ebs: aufs-tools cgroupfs-mount libltdl7
1481149583,,ui,message,    amazon-ebs: Suggested packages:
1481149583,,ui,message,    amazon-ebs: mountall
1481149583,,ui,message,    amazon-ebs: The following NEW packages will be installed:
1481149583,,ui,message,    amazon-ebs: aufs-tools cgroupfs-mount docker-engine libltdl7
1481149583,,ui,message,    amazon-ebs: 0 upgraded%!(PACKER_COMMA) 4 newly installed%!(PACKER_COMMA) 0 to remove and 4 not upgraded.
1481149583,,ui,message,    amazon-ebs: Need to get 19.5 MB of archives.
1481149583,,ui,message,    amazon-ebs: After this operation%!(PACKER_COMMA) 102 MB of additional disk space will be used.
1481149583,,ui,message,    amazon-ebs: Get:1 http://us-east-1.ec2.archive.ubuntu.com/ubuntu xenial/universe amd64 aufs-tools amd64 1:3.2+20130722-1.1ubuntu1 [92.9 kB]
1481149583,,ui,message,    amazon-ebs: Get:2 http://us-east-1.ec2.archive.ubuntu.com/ubuntu xenial/universe amd64 cgroupfs-mount all 1.2 [4%!(PACKER_COMMA)970 B]
1481149583,,ui,message,    amazon-ebs: Get:3 http://us-east-1.ec2.archive.ubuntu.com/ubuntu xenial/main amd64 libltdl7 amd64 2.4.6-0.1 [38.3 kB]
1481149583,,ui,message,    amazon-ebs: Get:4 https://apt.dockerproject.org/repo ubuntu-xenial/main amd64 docker-engine amd64 1.12.3-0~xenial [19.3 MB]
1481149584,,ui,message,    amazon-ebs: debconf: unable to initialize frontend: Dialog
1481149584,,ui,message,    amazon-ebs: debconf: (Dialog frontend will not work on a dumb terminal%!(PACKER_COMMA) an emacs shell buffer%!(PACKER_COMMA) or without a controlling terminal.)
1481149584,,ui,message,    amazon-ebs: debconf: falling back to frontend: Readline
1481149584,,ui,message,    amazon-ebs: debconf: unable to initialize frontend: Readline
1481149584,,ui,message,    amazon-ebs: debconf: (This frontend requires a controlling tty.)
1481149584,,ui,message,    amazon-ebs: debconf: falling back to frontend: Teletype
1481149584,,ui,message,    amazon-ebs: dpkg-preconfigure: unable to re-open stdin:
1481149584,,ui,message,    amazon-ebs: Fetched 19.5 MB in 1s (14.9 MB/s)
1481149585,,ui,message,    amazon-ebs: Selecting previously unselected package aufs-tools.
1481149585,,ui,message,    amazon-ebs: (Reading database ... 54645 files and directories currently installed.)
1481149585,,ui,message,    amazon-ebs: Preparing to unpack .../aufs-tools_1%3a3.2+20130722-1.1ubuntu1_amd64.deb ...
1481149585,,ui,message,    amazon-ebs: Unpacking aufs-tools (1:3.2+20130722-1.1ubuntu1) ...
1481149585,,ui,message,    amazon-ebs: Selecting previously unselected package cgroupfs-mount.
1481149585,,ui,message,    amazon-ebs: Preparing to unpack .../cgroupfs-mount_1.2_all.deb ...
1481149585,,ui,message,    amazon-ebs: Unpacking cgroupfs-mount (1.2) ...
1481149586,,ui,message,    amazon-ebs: Selecting previously unselected package libltdl7:amd64.
1481149586,,ui,message,    amazon-ebs: Preparing to unpack .../libltdl7_2.4.6-0.1_amd64.deb ...
1481149586,,ui,message,    amazon-ebs: Unpacking libltdl7:amd64 (2.4.6-0.1) ...
1481149586,,ui,message,    amazon-ebs: Selecting previously unselected package docker-engine.
1481149586,,ui,message,    amazon-ebs: Preparing to unpack .../docker-engine_1.12.3-0~xenial_amd64.deb ...
1481149586,,ui,message,    amazon-ebs: Unpacking docker-engine (1.12.3-0~xenial) ...
1481149589,,ui,message,    amazon-ebs: Processing triggers for libc-bin (2.23-0ubuntu4) ...
1481149589,,ui,message,    amazon-ebs: Processing triggers for man-db (2.7.5-1) ...
1481149590,,ui,message,    amazon-ebs: Processing triggers for ureadahead (0.100.0-19) ...
1481149590,,ui,message,    amazon-ebs: Processing triggers for systemd (229-4ubuntu12) ...
1481149590,,ui,message,    amazon-ebs: Setting up aufs-tools (1:3.2+20130722-1.1ubuntu1) ...
1481149590,,ui,message,    amazon-ebs: Setting up cgroupfs-mount (1.2) ...
1481149590,,ui,message,    amazon-ebs: Setting up libltdl7:amd64 (2.4.6-0.1) ...
1481149590,,ui,message,    amazon-ebs: Setting up docker-engine (1.12.3-0~xenial) ...
1481149595,,ui,message,    amazon-ebs: Processing triggers for libc-bin (2.23-0ubuntu4) ...
1481149595,,ui,message,    amazon-ebs: Processing triggers for systemd (229-4ubuntu12) ...
1481149595,,ui,message,    amazon-ebs: Processing triggers for ureadahead (0.100.0-19) ...
1481149596,,ui,message,    amazon-ebs: Reading package lists...
1481149596,,ui,message,    amazon-ebs: Building dependency tree...
1481149596,,ui,message,    amazon-ebs: Reading state information...
1481149596,,ui,message,    amazon-ebs: The following packages will be upgraded:
1481149596,,ui,message,    amazon-ebs: procps
1481149596,,ui,message,    amazon-ebs: 1 upgraded%!(PACKER_COMMA) 0 newly installed%!(PACKER_COMMA) 0 to remove and 3 not upgraded.
1481149596,,ui,message,    amazon-ebs: Need to get 222 kB of archives.
1481149596,,ui,message,    amazon-ebs: After this operation%!(PACKER_COMMA) 0 B of additional disk space will be used.
1481149596,,ui,message,    amazon-ebs: Get:1 http://us-east-1.ec2.archive.ubuntu.com/ubuntu xenial-updates/main amd64 procps amd64 2:3.3.10-4ubuntu2.3 [222 kB]
1481149596,,ui,message,    amazon-ebs: debconf: unable to initialize frontend: Dialog
1481149596,,ui,message,    amazon-ebs: debconf: (Dialog frontend will not work on a dumb terminal%!(PACKER_COMMA) an emacs shell buffer%!(PACKER_COMMA) or without a controlling terminal.)
1481149596,,ui,message,    amazon-ebs: debconf: falling back to frontend: Readline
1481149596,,ui,message,    amazon-ebs: debconf: unable to initialize frontend: Readline
1481149596,,ui,message,    amazon-ebs: debconf: (This frontend requires a controlling tty.)
1481149596,,ui,message,    amazon-ebs: debconf: falling back to frontend: Teletype
1481149596,,ui,message,    amazon-ebs: dpkg-preconfigure: unable to re-open stdin:
1481149596,,ui,message,    amazon-ebs: Fetched 222 kB in 0s (13.7 MB/s)
1481149597,,ui,message,    amazon-ebs: (Reading database ... 54841 files and directories currently installed.)
1481149597,,ui,message,    amazon-ebs: Preparing to unpack .../procps_2%3a3.3.10-4ubuntu2.3_amd64.deb ...
1481149597,,ui,message,    amazon-ebs: Unpacking procps (2:3.3.10-4ubuntu2.3) over (2:3.3.10-4ubuntu2.2) ...
1481149598,,ui,message,    amazon-ebs: Processing triggers for systemd (229-4ubuntu12) ...
1481149598,,ui,message,    amazon-ebs: Processing triggers for ureadahead (0.100.0-19) ...
1481149598,,ui,message,    amazon-ebs: Processing triggers for man-db (2.7.5-1) ...
1481149599,,ui,message,    amazon-ebs: Setting up procps (2:3.3.10-4ubuntu2.3) ...
1481149599,,ui,message,    amazon-ebs: update-rc.d: warning: start and stop actions are no longer supported; falling back to defaults
1481149600,,ui,say,==> amazon-ebs: Stopping the source instance...
1481149600,,ui,say,==> amazon-ebs: Waiting for the instance to stop...
1481149660,,ui,say,==> amazon-ebs: Deregistered AMI dockerSwarm%!(PACKER_COMMA) id: ami-8de0e69a
1481149660,,ui,say,==> amazon-ebs: Creating the AMI: dockerSwarm
1481149660,,ui,message,    amazon-ebs: AMI: ami-80a7a197
1481149660,,ui,say,==> amazon-ebs: Waiting for AMI to become ready...
1481149762,,ui,say,==> amazon-ebs: Terminating the source AWS instance...
1481149769,,ui,say,==> amazon-ebs: Cleaning up any extra volumes...
1481149769,,ui,say,==> amazon-ebs: No volumes to clean up%!(PACKER_COMMA) skipping
1481149769,,ui,say,==> amazon-ebs: Deleting temporary security group...
1481149769,,ui,say,==> amazon-ebs: Deleting temporary keypair...
1481149769,,ui,say,Build 'amazon-ebs' finished.
1481149769,,ui,say,\n==> Builds finished. The artifacts of successful builds are:
1481149769,amazon-ebs,artifact-count,1
1481149769,amazon-ebs,artifact,0,builder-id,mitchellh.amazonebs
1481149769,amazon-ebs,artifact,0,id,us-east-1:ami-80a7a197
1481149769,amazon-ebs,artifact,0,string,AMIs were created:\n\nus-east-1: ami-80a7a197
1481149769,amazon-ebs,artifact,0,files-count,0
1481149769,amazon-ebs,artifact,0,end
1481149769,,ui,say,--> amazon-ebs: AMIs were created:\n\nus-east-1: ami-80a7a197
